[  2] Utilization = 0.13 | pJ/Compute =  136.327 | L5[WIO] Q55 M6 - L4[IO] P55 C3 M2X - L3[] Q1 S11Y - L2[I] Q1 - L1[W] R11 - L0[O] M8 
[  3] Utilization = 0.13 | pJ/Compute =   11.445 | L5[WIO] Q55 M6 C3 - L4[IO] P55 M2X - L3[] Q1 S11Y - L2[I] Q1 - L1[W] R11 - L0[O] M8 
[  7] Utilization = 0.65 | pJ/Compute =    7.416 | L5[WIO] Q11 M4 C3 - L4[IO] M2 P55 M2X Q5X - L3[] Q1 S11Y - L2[I] Q1 - L1[W] R11 - L0[O] M6 
[  6] Utilization = 0.65 | pJ/Compute =   34.031 | L5[WIO] Q11 M4 - L4[IO] M2 P55 C3 M2X Q5X - L3[] Q1 S11Y - L2[I] Q1 - L1[W] R11 - L0[O] M6 
[  3] Utilization = 0.13 | pJ/Compute =   11.061 | L5[WIO] Q55 M3 C3 - L4[IO] M8 P55 M2X - L3[] Q1 S11Y - L2[I] Q1 - L1[W] R11 - L0[O] M2 
[  3] Utilization = 0.25 | pJ/Compute =   35.701 | L5[WIO] Q5 M96 C3 - L4[IO] P55 Q11X - L3[] Q1 S11Y - L2[I] Q1 - L1[W] R11 - L0[O] Q1 
[  3] Utilization = 0.49 | pJ/Compute =    9.930 | L5[WIO] Q5 M4 C3 - L4[IO] M12 P55 Q11X - L3[] Q1 S11Y - L2[I] Q1 - L1[W] R11 - L0[O] M2 
[  2] Utilization = 0.19 | pJ/Compute =   27.830 | L5[WIO] Q5 M4 - L4[IO] M12 P55 C3 Q11X - L3[] Q1 S11Y - L2[I] Q1 - L1[W] R11 - L0[O] M2 
[  3] Utilization = 0.49 | pJ/Compute =    9.447 | L5[WIO] Q5 M2 C3 - L4[IO] M24 P55 Q11X - L3[] Q1 S11Y - L2[I] Q1 - L1[W] R11 - L0[O] M2 
[  2] Utilization = 0.39 | pJ/Compute =  138.465 | L5[WIO] Q55 M8 - L4[IO] M2 P55 C3 M6X - L3[] Q1 S11Y - L2[I] Q1 - L1[W] R11 - L0[O] Q1 
[  3] Utilization = 0.65 | pJ/Compute =    7.447 | L5[WIO] Q11 M2 C3 - L4[IO] M8 P55 M2X Q5X - L3[] Q1 S11Y - L2[I] Q1 - L1[W] R11 - L0[O] M3 
[  2] Utilization = 0.57 | pJ/Compute =   35.615 | L5[WIO] Q11 M2 - L4[IO] M8 P55 C3 M2X Q5X - L3[] Q1 S11Y - L2[I] Q1 - L1[W] R11 - L0[O] M3 
[  7] Utilization = 0.65 | pJ/Compute =    7.150 | L5[WIO] Q11 M2 C3 - L4[IO] M6 P55 M2X Q5X - L3[] Q1 S11Y - L2[I] Q1 - L1[W] R11 - L0[O] M4 
[  3] Utilization = 0.65 | pJ/Compute =    6.556 | L5[WIO] Q11 M2 C3 - L4[IO] M2 P55 M2X Q5X - L3[] Q1 S11Y - L2[I] Q1 - L1[W] R11 - L0[O] M12 
[  2] Utilization = 0.65 | pJ/Compute =   33.239 | L5[WIO] Q11 M2 - L4[IO] M2 P55 C3 M2X Q5X - L3[] Q1 S11Y - L2[I] Q1 - L1[W] R11 - L0[O] M12 
[  7] Utilization = 0.72 | pJ/Compute =    7.289 | L5[WIO] Q5 M4 C3 - L4[IO] M3 P55 Q11X - L3[] Q1 S11Y - L2[I] Q1 - L1[W] R11 - L0[O] M8 
[  6] Utilization = 0.72 | pJ/Compute =   20.790 | L5[WIO] Q5 M4 - L4[IO] M3 P55 C3 Q11X - L3[] Q1 S11Y - L2[I] Q1 - L1[W] R11 - L0[O] M8 
[  3] Utilization = 0.79 | pJ/Compute =   10.520 | L5[WIO] Q55 M4 C3 - L4[IO] M2 P55 M12X - L3[] Q1 S11Y - L2[I] Q1 - L1[W] R11 - L0[O] Q1 
[  2] Utilization = 0.79 | pJ/Compute =  136.920 | L5[WIO] Q55 M4 - L4[IO] M2 P55 C3 M12X - L3[] Q1 S11Y - L2[I] Q1 - L1[W] R11 - L0[O] Q1 
[  3] Utilization = 0.79 | pJ/Compute =    8.465 | L5[WIO] Q55 C3 - L4[IO] M4 P55 M12X - L3[] Q1 S11Y - L2[I] Q1 - L1[W] R11 - L0[O] M2 
[  2] Utilization = 0.79 | pJ/Compute =  135.671 | L5[WIO] Q55 - L4[IO] M4 P55 C3 M12X - L3[] Q1 S11Y - L2[I] Q1 - L1[W] R11 - L0[O] M2 
[  7] Utilization = 0.72 | pJ/Compute =    6.996 | L5[WIO] Q5 M4 C3 - L4[IO] M2 P55 Q11X - L3[] Q1 S11Y - L2[I] Q1 - L1[W] R11 - L0[O] M12 
[  6] Utilization = 0.72 | pJ/Compute =   20.008 | L5[WIO] Q5 M4 - L4[IO] M2 P55 C3 Q11X - L3[] Q1 S11Y - L2[I] Q1 - L1[W] R11 - L0[O] M12 
[  7] Utilization = 0.72 | pJ/Compute =    6.806 | L5[WIO] Q5 M2 C3 - L4[IO] M6 P55 Q11X - L3[] Q1 S11Y - L2[I] Q1 - L1[W] R11 - L0[O] M8 
[  3] Utilization = 0.79 | pJ/Compute =    8.298 | L5[WIO] Q55 C3 - L4[IO] M2 P55 M12X - L3[] Q1 S11Y - L2[I] Q1 - L1[W] R11 - L0[O] M4 
[  2] Utilization = 0.79 | pJ/Compute =  135.226 | L5[WIO] Q55 - L4[IO] M2 P55 C3 M12X - L3[] Q1 S11Y - L2[I] Q1 - L1[W] R11 - L0[O] M4 
[  6] Utilization = 0.79 | pJ/Compute =  135.003 | L5[WIO] Q55 - L4[IO] P55 C3 M12X - L3[] Q1 S11Y - L2[I] Q1 - L1[W] R11 - L0[O] M8 
[  7] Utilization = 0.79 | pJ/Compute =    8.214 | L5[WIO] Q55 C3 - L4[IO] P55 M12X - L3[] Q1 S11Y - L2[I] Q1 - L1[W] R11 - L0[O] M8 
[  5] STATEMENT: 15000 invalid mappings (15000 fanout, 0 capacity) found since the last valid mapping, terminating search.
[  1] STATEMENT: 15000 invalid mappings (15000 fanout, 0 capacity) found since the last valid mapping, terminating search.
[  0] STATEMENT: 15000 invalid mappings (12697 fanout, 2303 capacity) found since the last valid mapping, terminating search.
[  4] STATEMENT: 15000 invalid mappings (12883 fanout, 2117 capacity) found since the last valid mapping, terminating search.
[  7] STATEMENT: 3000 suboptimal mappings found since the last upgrade, terminating search.
[  2] STATEMENT: 3000 suboptimal mappings found since the last upgrade, terminating search.
[  6] STATEMENT: 3000 suboptimal mappings found since the last upgrade, terminating search.
[  3] STATEMENT: 3000 suboptimal mappings found since the last upgrade, terminating search.
